Remember that you can report errors and get help in https://github.com/NicoSantangelo/sublime-gulp

12-03-2015 21:44:
C:\Users\Administrator\AppData\Roaming\Sublime Text 3\Packages\Gulp\write_tasks_to_cache.js:31
        throw ex;
        ^

Error: Cannot find module 'gulp-postcss'
    at Function.Module._resolveFilename (module.js:336:15)
    at Function.Module._load (module.js:286:25)
    at Module.require (module.js:365:17)
    at require (module.js:384:17)
    at Object.<anonymous> (H:\Git-Code\sass-base\.sublime-gulp-tmp.js:14:15)
    at Module._compile (module.js:434:26)
    at Object.Module._extensions..js (module.js:452:10)
    at Module.load (module.js:355:32)
    at Function.Module._load (module.js:310:12)
    at Module.require (module.js:365:17)


12-03-2015 21:44:
C:\Users\Administrator\AppData\Roaming\Sublime Text 3\Packages\Gulp\write_tasks_to_cache.js:31
        throw ex;
        ^

Error: Cannot find module 'gulp-postcss'
    at Function.Module._resolveFilename (module.js:336:15)
    at Function.Module._load (module.js:286:25)
    at Module.require (module.js:365:17)
    at require (module.js:384:17)
    at Object.<anonymous> (H:\Git-Code\sass-base\.sublime-gulp-tmp.js:14:15)
    at Module._compile (module.js:434:26)
    at Object.Module._extensions..js (module.js:452:10)
    at Module.load (module.js:355:32)
    at Function.Module._load (module.js:310:12)
    at Module.require (module.js:365:17)


12-03-2015 21:45:
C:\Users\Administrator\AppData\Roaming\Sublime Text 3\Packages\Gulp\write_tasks_to_cache.js:31
        throw ex;
        ^

Error: Cannot find module 'gulp-postcss'
    at Function.Module._resolveFilename (module.js:336:15)
    at Function.Module._load (module.js:286:25)
    at Module.require (module.js:365:17)
    at require (module.js:384:17)
    at Object.<anonymous> (H:\Git-Code\sass-base\.sublime-gulp-tmp.js:14:15)
    at Module._compile (module.js:434:26)
    at Object.Module._extensions..js (module.js:452:10)
    at Module.load (module.js:355:32)
    at Function.Module._load (module.js:310:12)
    at Module.require (module.js:365:17)
